app-code/modules/model-file/android/build/intermediates/manifest_merge_blame_file/debug/processDebugManifest/manifest-merger-blame-debug-report.txt
1<?xml version="1.0" encoding="utf-8"?>
2<manifest xmlns:android="http://schemas.android.com/apk/res/android"
3    package="expo.modules.modelfile" >
4
5    <uses-sdk android:minSdkVersion="24" />
6
7    <uses-permission android:name="android.permission.FOREGROUND_SERVICE" />
7-->src\main\AndroidManifest.xml:4:5-77
7-->src\main\AndroidManifest.xml:4:22-74
8    <uses-permission android:name="android.permission.FOREGROUND_SERVICE_SPECIAL_USE" />
8-->src\main\AndroidManifest.xml:5:5-89
8-->src\main\AndroidManifest.xml:5:22-86
9    <uses-permission android:name="android.permission.WAKE_LOCK" />
9-->src\main\AndroidManifest.xml:6:5-68
9-->src\main\AndroidManifest.xml:6:22-65
10    <uses-permission android:name="android.permission.ACCESS_WIFI_STATE" />
10-->src\main\AndroidManifest.xml:7:5-76
10-->src\main\AndroidManifest.xml:7:22-73
11    <uses-permission android:name="android.permission.CHANGE_WIFI_MULTICAST_STATE" />
11-->src\main\AndroidManifest.xml:8:5-86
11-->src\main\AndroidManifest.xml:8:22-83
12
13    <application>
13-->src\main\AndroidManifest.xml:10:5-24:19
14
15        <!-- Allows llama.rn to bypass the Android linker namespace sandbox and link to vendor Adreno OpenCL drivers -->
16        <uses-native-library
16-->src\main\AndroidManifest.xml:12:9-14:44
17            android:name="libOpenCL.so"
17-->src\main\AndroidManifest.xml:13:17-44
18            android:required="false" />
18-->src\main\AndroidManifest.xml:14:17-41
19
20        <service
20-->src\main\AndroidManifest.xml:16:9-23:19
21            android:name="expo.modules.modelfile.EdgeComputeWorkerService"
21-->src\main\AndroidManifest.xml:17:17-79
22            android:exported="false"
22-->src\main\AndroidManifest.xml:19:17-41
23            android:foregroundServiceType="specialUse" >
23-->src\main\AndroidManifest.xml:18:17-59
24            <property
24-->src\main\AndroidManifest.xml:20:13-22:80
25                android:name="android.app.PROPERTY_SPECIAL_USE_FGS_SUBTYPE"
25-->src\main\AndroidManifest.xml:21:21-80
26                android:value="Edge AI local distributed compute worker" />
26-->src\main\AndroidManifest.xml:22:21-77
27        </service>
28    </application>
29
30</manifest>